<?xml version="1.0" encoding="UTF-8"?>
<!-- Generated by org.testng.reporters.JUnitXMLReporter -->
<testsuite ignored="0" hostname="DESKTOP-83JUM21" failures="0" tests="10" name="Default test" time="95.423" errors="0" timestamp="2020-02-16T17:21:15 IST">
  <testcase classname="MultiThread" name="@BeforeMethod setup" time="9.571">
    <failure type="org.openqa.selenium.SessionNotCreatedException" message="session not created
from disconnected: received Inspector.detached event
  (Session info: chrome=79.0.3945.130)
Build info: version: &amp;apos;3.141.59&amp;apos;, revision: &amp;apos;e82be7d358&amp;apos;, time: &amp;apos;2018-11-14T08:17:03&amp;apos;
System info: host: &amp;apos;DESKTOP-83JUM21&amp;apos;, ip: &amp;apos;192.168.42.10&amp;apos;, os.name: &amp;apos;Windows 10&amp;apos;, os.arch: &amp;apos;amd64&amp;apos;, os.version: &amp;apos;10.0&amp;apos;, java.version: &amp;apos;13.0.1&amp;apos;
Driver info: driver.version: ChromeDriver
remote stacktrace: Backtrace:
	Ordinal0 [0x00BBA113+1548563]
	Ordinal0 [0x00B3DDA1+1039777]
	Ordinal0 [0x00ABE485+517253]
	Ordinal0 [0x00AB70CB+487627]
	Ordinal0 [0x00AB6CE9+486633]
	Ordinal0 [0x00AB65E8+484840]
	Ordinal0 [0x00AB5D33+482611]
	Ordinal0 [0x00AB5E75+482933]
	Ordinal0 [0x00AB59B5+481717]
	Ordinal0 [0x00ABD1E5+512485]
	Ordinal0 [0x00AB5968+481640]
	Ordinal0 [0x00AB628B+483979]
	Ordinal0 [0x00AB5D33+482611]
	Ordinal0 [0x00AB5E75+482933]
	Ordinal0 [0x00AB59B5+481717]
	Ordinal0 [0x00ABBB0E+506638]
	Ordinal0 [0x00AB5968+481640]
	Ordinal0 [0x00AB628B+483979]
	Ordinal0 [0x00AB5D33+482611]
	Ordinal0 [0x00AB5E75+482933]
	Ordinal0 [0x00AB59B5+481717]
	Ordinal0 [0x00ABA37C+500604]
	Ordinal0 [0x00AB5968+481640]
	Ordinal0 [0x00AB628B+483979]
	Ordinal0 [0x00AB5D33+482611]
	Ordinal0 [0x00AB5E75+482933]
	Ordinal0 [0x00AB59B5+481717]
	Ordinal0 [0x00AB9A17+498199]
	Ordinal0 [0x00AB5968+481640]
	Ordinal0 [0x00AB628B+483979]
	Ordinal0 [0x00AB5D33+482611]
	Ordinal0 [0x00AB5E75+482933]
	Ordinal0 [0x00AB59B5+481717]
	Ordinal0 [0x00AB256C+468332]
	Ordinal0 [0x00AB5968+481640]
	Ordinal0 [0x00AB5844+481348]
	Ordinal0 [0x00ABF0D0+520400]
	Ordinal0 [0x00A6C030+180272]
	Ordinal0 [0x00A6B59D+177565]
	Ordinal0 [0x00A695FB+169467]
	Ordinal0 [0x00A5160A+71178]
	Ordinal0 [0x00A52690+75408]
	Ordinal0 [0x00A52629+75305]
	Ordinal0 [0x00B571B7+1143223]
	GetHandleVerifier [0x00C52B46+507814]
	GetHandleVerifier [0x00C52864+507076]
	GetHandleVerifier [0x00C59F47+537511]
	GetHandleVerifier [0x00C53402+510050]
	Ordinal0 [0x00B4F29C+1110684]
	Ordinal0 [0x00B5938B+1151883]
	Ordinal0 [0x00B594F3+1152243]
	Ordinal0 [0x00B583F5+1147893]
	BaseThreadInitThunk [0x73958494+36]
	RtlAreBitsSet [0x770C41C8+136]
	RtlAreBitsSet [0x770C4198+88]
">
      <![CDATA[org.openqa.selenium.SessionNotCreatedException: session not created
from disconnected: received Inspector.detached event
  (Session info: chrome=79.0.3945.130)
Build info: version: '3.141.59', revision: 'e82be7d358', time: '2018-11-14T08:17:03'
System info: host: 'DESKTOP-83JUM21', ip: '192.168.42.10', os.name: 'Windows 10', os.arch: 'amd64', os.version: '10.0', java.version: '13.0.1'
Driver info: driver.version: ChromeDriver
remote stacktrace: Backtrace:
Ordinal0 [0x00BBA113+1548563]
Ordinal0 [0x00B3DDA1+1039777]
Ordinal0 [0x00ABE485+517253]
Ordinal0 [0x00AB70CB+487627]
Ordinal0 [0x00AB6CE9+486633]
Ordinal0 [0x00AB65E8+484840]
Ordinal0 [0x00AB5D33+482611]
Ordinal0 [0x00AB5E75+482933]
Ordinal0 [0x00AB59B5+481717]
Ordinal0 [0x00ABD1E5+512485]
Ordinal0 [0x00AB5968+481640]
Ordinal0 [0x00AB628B+483979]
Ordinal0 [0x00AB5D33+482611]
Ordinal0 [0x00AB5E75+482933]
Ordinal0 [0x00AB59B5+481717]
Ordinal0 [0x00ABBB0E+506638]
Ordinal0 [0x00AB5968+481640]
Ordinal0 [0x00AB628B+483979]
Ordinal0 [0x00AB5D33+482611]
Ordinal0 [0x00AB5E75+482933]
Ordinal0 [0x00AB59B5+481717]
Ordinal0 [0x00ABA37C+500604]
Ordinal0 [0x00AB5968+481640]
Ordinal0 [0x00AB628B+483979]
Ordinal0 [0x00AB5D33+482611]
Ordinal0 [0x00AB5E75+482933]
Ordinal0 [0x00AB59B5+481717]
Ordinal0 [0x00AB9A17+498199]
Ordinal0 [0x00AB5968+481640]
Ordinal0 [0x00AB628B+483979]
Ordinal0 [0x00AB5D33+482611]
Ordinal0 [0x00AB5E75+482933]
Ordinal0 [0x00AB59B5+481717]
Ordinal0 [0x00AB256C+468332]
Ordinal0 [0x00AB5968+481640]
Ordinal0 [0x00AB5844+481348]
Ordinal0 [0x00ABF0D0+520400]
Ordinal0 [0x00A6C030+180272]
Ordinal0 [0x00A6B59D+177565]
Ordinal0 [0x00A695FB+169467]
Ordinal0 [0x00A5160A+71178]
Ordinal0 [0x00A52690+75408]
Ordinal0 [0x00A52629+75305]
Ordinal0 [0x00B571B7+1143223]
GetHandleVerifier [0x00C52B46+507814]
GetHandleVerifier [0x00C52864+507076]
GetHandleVerifier [0x00C59F47+537511]
GetHandleVerifier [0x00C53402+510050]
Ordinal0 [0x00B4F29C+1110684]
Ordinal0 [0x00B5938B+1151883]
Ordinal0 [0x00B594F3+1152243]
Ordinal0 [0x00B583F5+1147893]
BaseThreadInitThunk [0x73958494+36]
RtlAreBitsSet [0x770C41C8+136]
RtlAreBitsSet [0x770C4198+88]

at java.base/jdk.internal.reflect.NativeConstructorAccessorImpl.newInstance0(Native Method)
at java.base/jdk.internal.reflect.NativeConstructorAccessorImpl.newInstance(NativeConstructorAccessorImpl.java:62)
at java.base/jdk.internal.reflect.DelegatingConstructorAccessorImpl.newInstance(DelegatingConstructorAccessorImpl.java:45)
at java.base/java.lang.reflect.Constructor.newInstanceWithCaller(Constructor.java:500)
at java.base/java.lang.reflect.Constructor.newInstance(Constructor.java:481)
at org.openqa.selenium.remote.W3CHandshakeResponse.lambda$errorHandler$0(W3CHandshakeResponse.java:62)
at org.openqa.selenium.remote.HandshakeResponse.lambda$getResponseFunction$0(HandshakeResponse.java:30)
at org.openqa.selenium.remote.ProtocolHandshake.lambda$createSession$0(ProtocolHandshake.java:126)
at java.base/java.util.stream.ReferencePipeline$3$1.accept(ReferencePipeline.java:195)
at java.base/java.util.Spliterators$ArraySpliterator.tryAdvance(Spliterators.java:958)
at java.base/java.util.stream.ReferencePipeline.forEachWithCancel(ReferencePipeline.java:127)
at java.base/java.util.stream.AbstractPipeline.copyIntoWithCancel(AbstractPipeline.java:502)
at java.base/java.util.stream.AbstractPipeline.copyInto(AbstractPipeline.java:488)
at java.base/java.util.stream.AbstractPipeline.wrapAndCopyInto(AbstractPipeline.java:474)
at java.base/java.util.stream.FindOps$FindOp.evaluateSequential(FindOps.java:150)
at java.base/java.util.stream.AbstractPipeline.evaluate(AbstractPipeline.java:234)
at java.base/java.util.stream.ReferencePipeline.findFirst(ReferencePipeline.java:543)
at org.openqa.selenium.remote.ProtocolHandshake.createSession(ProtocolHandshake.java:128)
at org.openqa.selenium.remote.ProtocolHandshake.createSession(ProtocolHandshake.java:74)
at org.openqa.selenium.remote.HttpCommandExecutor.execute(HttpCommandExecutor.java:136)
at org.openqa.selenium.remote.service.DriverCommandExecutor.execute(DriverCommandExecutor.java:83)
at org.openqa.selenium.remote.RemoteWebDriver.execute(RemoteWebDriver.java:552)
at org.openqa.selenium.remote.RemoteWebDriver.startSession(RemoteWebDriver.java:213)
at org.openqa.selenium.remote.RemoteWebDriver.<init>(RemoteWebDriver.java:131)
at org.openqa.selenium.chrome.ChromeDriver.<init>(ChromeDriver.java:181)
at org.openqa.selenium.chrome.ChromeDriver.<init>(ChromeDriver.java:168)
at org.openqa.selenium.chrome.ChromeDriver.<init>(ChromeDriver.java:123)
at MultiThread.setup(MultiThread.java:23)
at java.base/jdk.internal.reflect.NativeMethodAccessorImpl.invoke0(Native Method)
at java.base/jdk.internal.reflect.NativeMethodAccessorImpl.invoke(NativeMethodAccessorImpl.java:62)
at java.base/jdk.internal.reflect.DelegatingMethodAccessorImpl.invoke(DelegatingMethodAccessorImpl.java:43)
at java.base/java.lang.reflect.Method.invoke(Method.java:567)
at org.testng.internal.MethodInvocationHelper.invokeMethod(MethodInvocationHelper.java:133)
at org.testng.internal.MethodInvocationHelper.invokeMethodConsideringTimeout(MethodInvocationHelper.java:62)
at org.testng.internal.ConfigInvoker.invokeConfigurationMethod(ConfigInvoker.java:340)
at org.testng.internal.ConfigInvoker.invokeConfigurations(ConfigInvoker.java:294)
at org.testng.internal.TestInvoker.runConfigMethods(TestInvoker.java:683)
at org.testng.internal.TestInvoker.invokeMethod(TestInvoker.java:510)
at org.testng.internal.TestInvoker.invokeTestMethod(TestInvoker.java:172)
at org.testng.internal.MethodRunner.runInSequence(MethodRunner.java:46)
at org.testng.internal.TestInvoker$MethodInvocationAgent.invoke(TestInvoker.java:804)
at org.testng.internal.TestInvoker.invokeTestMethods(TestInvoker.java:145)
at org.testng.internal.TestMethodWorker.invokeTestMethods(TestMethodWorker.java:146)
at org.testng.internal.TestMethodWorker.run(TestMethodWorker.java:128)
at java.base/java.util.ArrayList.forEach(ArrayList.java:1507)
at org.testng.TestRunner.privateRun(TestRunner.java:770)
at org.testng.TestRunner.run(TestRunner.java:591)
at org.testng.SuiteRunner.runTest(SuiteRunner.java:402)
at org.testng.SuiteRunner.runSequentially(SuiteRunner.java:396)
at org.testng.SuiteRunner.privateRun(SuiteRunner.java:355)
at org.testng.SuiteRunner.run(SuiteRunner.java:304)
at org.testng.SuiteRunnerWorker.runSuite(SuiteRunnerWorker.java:53)
at org.testng.SuiteRunnerWorker.run(SuiteRunnerWorker.java:96)
at org.testng.TestNG.runSuitesSequentially(TestNG.java:1180)
at org.testng.TestNG.runSuitesLocally(TestNG.java:1102)
at org.testng.TestNG.runSuites(TestNG.java:1032)
at org.testng.TestNG.run(TestNG.java:1000)
at org.testng.remote.AbstractRemoteTestNG.run(AbstractRemoteTestNG.java:115)
at org.testng.remote.RemoteTestNG.initAndRun(RemoteTestNG.java:251)
at org.testng.remote.RemoteTestNG.main(RemoteTestNG.java:77)
]]>
    </failure>
  </testcase> <!-- @BeforeMethod setup -->
  <testcase classname="MultiThread" name="@AfterMethod tearDown" time="-1.581853873986E9">
    <skipped/>
  </testcase> <!-- @AfterMethod tearDown -->
  <testcase classname="MultiThread" name="@BeforeMethod setup" time="-1.581853873989E9">
    <skipped/>
  </testcase> <!-- @BeforeMethod setup -->
  <testcase classname="MultiThread" name="@AfterMethod tearDown" time="-1.581853874005E9">
    <skipped/>
  </testcase> <!-- @AfterMethod tearDown -->
  <testcase classname="MultiThread" name="@BeforeMethod setup" time="-1.581853874009E9">
    <skipped/>
  </testcase> <!-- @BeforeMethod setup -->
  <testcase classname="MultiThread" name="@AfterMethod tearDown" time="-1.581853874017E9">
    <skipped/>
  </testcase> <!-- @AfterMethod tearDown -->
  <testcase classname="MultiThread" name="@BeforeMethod setup" time="-1.581853874022E9">
    <skipped/>
  </testcase> <!-- @BeforeMethod setup -->
  <testcase classname="MultiThread" name="@AfterMethod tearDown" time="-1.581853874031E9">
    <skipped/>
  </testcase> <!-- @AfterMethod tearDown -->
  <testcase classname="MultiThread" name="@BeforeMethod setup" time="-1.581853874033E9">
    <skipped/>
  </testcase> <!-- @BeforeMethod setup -->
  <testcase classname="MultiThread" name="@AfterMethod tearDown" time="-1.581853874083E9">
    <skipped/>
  </testcase> <!-- @AfterMethod tearDown -->
  <testcase classname="MultiThread" name="@BeforeMethod setup" time="-1.581853874119E9">
    <skipped/>
  </testcase> <!-- @BeforeMethod setup -->
  <testcase classname="MultiThread" name="@AfterMethod tearDown" time="-1.581853874144E9">
    <skipped/>
  </testcase> <!-- @AfterMethod tearDown -->
  <testcase classname="MultiThread" name="@BeforeMethod setup" time="-1.581853874149E9">
    <skipped/>
  </testcase> <!-- @BeforeMethod setup -->
  <testcase classname="MultiThread" name="@AfterMethod tearDown" time="-1.581853874202E9">
    <skipped/>
  </testcase> <!-- @AfterMethod tearDown -->
  <testcase classname="MultiThread" name="@BeforeMethod setup" time="-1.581853874223E9">
    <skipped/>
  </testcase> <!-- @BeforeMethod setup -->
  <testcase classname="MultiThread" name="@AfterMethod tearDown" time="-1.581853874241E9">
    <skipped/>
  </testcase> <!-- @AfterMethod tearDown -->
  <testcase classname="MultiThread" name="@BeforeMethod setup" time="-1.581853874245E9">
    <skipped/>
  </testcase> <!-- @BeforeMethod setup -->
  <testcase classname="MultiThread" name="@AfterMethod tearDown" time="-1.581853874257E9">
    <skipped/>
  </testcase> <!-- @AfterMethod tearDown -->
  <testcase classname="MultiThread1" name="alaunchGuru" time="35.808"/>
  <testcase classname="MultiThread1" name="blaunchLinkedIn" time="0.0">
    <skipped/>
  </testcase> <!-- blaunchLinkedIn -->
  <testcase classname="MultiThread1" name="claunchFB" time="0.0">
    <skipped/>
  </testcase> <!-- claunchFB -->
  <testcase classname="MultiThread1" name="claunchFB3" time="0.0">
    <skipped/>
  </testcase> <!-- claunchFB3 -->
  <testcase classname="MultiThread1" name="claunchFB4" time="0.0">
    <skipped/>
  </testcase> <!-- claunchFB4 -->
  <testcase classname="MultiThread1" name="claunchFB5" time="0.0">
    <skipped/>
  </testcase> <!-- claunchFB5 -->
  <testcase classname="MultiThread1" name="claunchFB6" time="0.0">
    <skipped/>
  </testcase> <!-- claunchFB6 -->
  <testcase classname="MultiThread1" name="claunchFB7" time="0.0">
    <skipped/>
  </testcase> <!-- claunchFB7 -->
  <testcase classname="MultiThread1" name="claunchFB8" time="0.0">
    <skipped/>
  </testcase> <!-- claunchFB8 -->
  <testcase classname="MultiThread1" name="claunchFB9" time="0.0">
    <skipped/>
  </testcase> <!-- claunchFB9 -->
</testsuite> <!-- Default test -->
