<?xml version="1.0" encoding="UTF-8"?>
<!-- Generated by org.testng.reporters.JUnitXMLReporter -->
<testsuite ignored="0" hostname="DESKTOP-83JUM21" failures="1" tests="2" name="Test1" time="52.85" errors="0" timestamp="2020-03-20T02:13:15 IST">
  <testcase classname="Mukhya" name="secondtest" time="36.734"/>
  <testcase classname="Mukhya" name="firsttest" time="52.064">
    <failure type="java.lang.NullPointerException">
      <![CDATA[java.lang.NullPointerException
at FirstClassT.first(FirstClassT.java:42)
at Mukhya.firsttest(Mukhya.java:25)
at java.base/java.util.concurrent.ThreadPoolExecutor.runWorker(ThreadPoolExecutor.java:1128)
at java.base/java.util.concurrent.ThreadPoolExecutor$Worker.run(ThreadPoolExecutor.java:628)
at java.base/java.lang.Thread.run(Thread.java:830)
... Removed 12 stack frames]]>
    </failure>
  </testcase> <!-- firsttest -->
</testsuite> <!-- Test1 -->
