<?xml version="1.0" encoding="UTF-8"?>
<!-- Generated by org.testng.reporters.JUnitXMLReporter -->
<testsuite ignored="0" hostname="DESKTOP-83JUM21" failures="0" tests="7" name="Test7" time="75.537" errors="0" timestamp="2020-03-13T16:51:08 IST">
  <testcase classname="Fifth" name="fifth" time="85.603"/>
  <testcase classname="Third" name="thirdst" time="85.606"/>
  <testcase classname="FirstClassT" name="first" time="85.603"/>
  <testcase classname="SecondClassT" name="second" time="85.606"/>
  <testcase classname="Forth" name="forth" time="86.241"/>
  <testcase classname="Sixth" name="sixth" time="41.205"/>
  <testcase classname="Seventh" name="seventh" time="46.117"/>
</testsuite> <!-- Test7 -->
