<?xml version="1.0" encoding="UTF-8"?>
<!-- Generated by org.testng.reporters.JUnitXMLReporter -->
<testsuite ignored="0" hostname="DESKTOP-83JUM21" failures="0" tests="8" name="Test8" time="76.569" errors="0" timestamp="2020-03-13T16:51:09 IST">
  <testcase classname="Third" name="thirdst" time="85.606"/>
  <testcase classname="Fifth" name="fifth" time="85.603"/>
  <testcase classname="FirstClassT" name="first" time="85.603"/>
  <testcase classname="SecondClassT" name="second" time="85.606"/>
  <testcase classname="Forth" name="forth" time="86.241"/>
  <testcase classname="Sixth" name="sixth" time="41.205"/>
  <testcase classname="Seventh" name="seventh" time="46.117"/>
  <testcase classname="Eighth" name="eighth" time="47.795"/>
</testsuite> <!-- Test8 -->
