<?xml version="1.0" encoding="UTF-8"?>
<!-- Generated by org.testng.reporters.JUnitXMLReporter -->
<testsuite ignored="0" hostname="DESKTOP-83JUM21" failures="0" tests="6" name="Test10" time="64.411" errors="0" timestamp="2020-03-13T16:50:57 IST">
  <testcase classname="Third" name="thirdst" time="85.606"/>
  <testcase classname="FirstClassT" name="first" time="85.603"/>
  <testcase classname="Fifth" name="fifth" time="85.603"/>
  <testcase classname="SecondClassT" name="second" time="85.606"/>
  <testcase classname="Forth" name="forth" time="86.241"/>
  <testcase classname="Tenth" name="tenth" time="32.513"/>
</testsuite> <!-- Test10 -->
