<?xml version="1.0" encoding="UTF-8"?>
<!-- Generated by org.testng.reporters.JUnitXMLReporter -->
<testsuite ignored="0" hostname="DESKTOP-83JUM21" failures="0" tests="4" name="Test9" time="77.393" errors="0" timestamp="2020-03-13T16:51:10 IST">
  <testcase classname="Sixth" name="sixth" time="41.205"/>
  <testcase classname="Seventh" name="seventh" time="46.117"/>
  <testcase classname="Eighth" name="eighth" time="47.795"/>
  <testcase classname="Ninth" name="ninth" time="47.837"/>
</testsuite> <!-- Test9 -->
