<?xml version="1.0" encoding="UTF-8"?>
<!-- Generated by org.testng.reporters.JUnitXMLReporter -->
<testsuite ignored="0" hostname="DESKTOP-83JUM21" failures="0" tests="5" name="Test5" time="135.673" errors="0" timestamp="2020-03-13T16:49:52 IST">
  <testcase classname="Fifth" name="fifth" time="85.603"/>
  <testcase classname="Third" name="thirdst" time="85.606"/>
  <testcase classname="FirstClassT" name="first" time="85.603"/>
  <testcase classname="SecondClassT" name="second" time="85.606"/>
  <testcase classname="Forth" name="forth" time="86.241"/>
</testsuite> <!-- Test5 -->
