<?xml version="1.0" encoding="UTF-8"?>
<testng-results ignored="0" total="2" passed="1" failed="1" skipped="0">
  <reporter-output>
  </reporter-output>
  <suite started-at="2020-03-20T02:12:20 IST" name="Suite" finished-at="2020-03-20T02:13:13 IST" duration-ms="52850">
    <groups>
    </groups>
    <test started-at="2020-03-20T02:12:20 IST" name="Test1" finished-at="2020-03-20T02:13:13 IST" duration-ms="52850">
      <class name="Mukhya">
        <test-method is-config="true" signature="setup()[pri:0, instance:Mukhya@7692d9cc]" started-at="2020-03-20T02:12:21 IST" name="setup" finished-at="2020-03-20T02:12:21 IST" duration-ms="5" status="PASS">
          <reporter-output>
          </reporter-output>
        </test-method> <!-- setup -->
        <test-method is-config="true" signature="setup()[pri:0, instance:Mukhya@7692d9cc]" started-at="2020-03-20T02:12:21 IST" name="setup" finished-at="2020-03-20T02:12:21 IST" duration-ms="5" status="PASS">
          <reporter-output>
          </reporter-output>
        </test-method> <!-- setup -->
        <test-method signature="firsttest(java.lang.String)[pri:0, instance:Mukhya@7692d9cc]" started-at="2020-03-20T02:12:21 IST" name="firsttest" data-provider="allorigin" finished-at="2020-03-20T02:13:13 IST" duration-ms="52064" status="FAIL">
          <params>
            <param index="0">
              <value>
                <![CDATA[https://ipartner.icicilombard.com]]>
              </value>
            </param>
          </params>
          <exception class="java.lang.NullPointerException">
            <full-stacktrace>
              <![CDATA[java.lang.NullPointerException
at FirstClassT.first(FirstClassT.java:42)
at Mukhya.firsttest(Mukhya.java:25)
at java.base/jdk.internal.reflect.NativeMethodAccessorImpl.invoke0(Native Method)
at java.base/jdk.internal.reflect.NativeMethodAccessorImpl.invoke(NativeMethodAccessorImpl.java:62)
at java.base/jdk.internal.reflect.DelegatingMethodAccessorImpl.invoke(DelegatingMethodAccessorImpl.java:43)
at java.base/java.lang.reflect.Method.invoke(Method.java:567)
at org.testng.internal.MethodInvocationHelper.invokeMethod(MethodInvocationHelper.java:133)
at org.testng.internal.TestInvoker.invokeMethod(TestInvoker.java:584)
at org.testng.internal.TestInvoker.invokeTestMethod(TestInvoker.java:172)
at org.testng.internal.MethodRunner.runInSequence(MethodRunner.java:46)
at org.testng.internal.TestInvoker$MethodInvocationAgent.invoke(TestInvoker.java:804)
at org.testng.internal.TestInvoker.invokeTestMethods(TestInvoker.java:145)
at org.testng.internal.TestMethodWorker.invokeTestMethods(TestMethodWorker.java:146)
at org.testng.internal.TestMethodWorker.run(TestMethodWorker.java:128)
at java.base/java.util.concurrent.ThreadPoolExecutor.runWorker(ThreadPoolExecutor.java:1128)
at java.base/java.util.concurrent.ThreadPoolExecutor$Worker.run(ThreadPoolExecutor.java:628)
at java.base/java.lang.Thread.run(Thread.java:830)
]]>
            </full-stacktrace>
          </exception> <!-- java.lang.NullPointerException -->
          <reporter-output>
          </reporter-output>
        </test-method> <!-- firsttest -->
        <test-method signature="secondtest(java.lang.String)[pri:0, instance:Mukhya@7692d9cc]" started-at="2020-03-20T02:12:21 IST" name="secondtest" data-provider="allorigin" finished-at="2020-03-20T02:12:58 IST" duration-ms="36734" status="PASS">
          <params>
            <param index="0">
              <value>
                <![CDATA[https://ipartner.icicilombard.com]]>
              </value>
            </param>
          </params>
          <reporter-output>
          </reporter-output>
        </test-method> <!-- secondtest -->
      </class> <!-- Mukhya -->
    </test> <!-- Test1 -->
  </suite> <!-- Suite -->
</testng-results>
